Nov 26, 2013 4:26:29 AM org.apache.catalina.core.AprLifecycleListener init
INFO: The APR based Apache Tomcat Native library which allows optimal performance in production environments was not found on the java.library.path: /usr/lib/jvm/java-6-openjdk-amd64/jre/lib/amd64/server:/usr/lib/jvm/java-6-openjdk-amd64/jre/lib/amd64:/usr/lib/jvm/java-6-openjdk-amd64/jre/../lib/amd64:/usr/java/packages/lib/amd64:/usr/lib/x86_64-linux-gnu/jni:/lib/x86_64-linux-gnu:/usr/lib/x86_64-linux-gnu:/usr/lib/jni:/lib:/usr/lib
Nov 26, 2013 4:26:29 AM org.apache.coyote.http11.Http11Protocol init
INFO: Initializing Coyote HTTP/1.1 on http-8080
Nov 26, 2013 4:26:29 AM org.apache.catalina.startup.Catalina load
INFO: Initialization processed in 734 ms
Nov 26, 2013 4:26:29 AM org.apache.catalina.core.StandardService start
INFO: Starting service Catalina
Nov 26, 2013 4:26:29 AM org.apache.catalina.core.StandardEngine start
INFO: Starting Servlet Engine: Apache Tomcat/6.0.29
Nov 26, 2013 4:26:29 AM org.apache.catalina.startup.HostConfig deployDescriptor
INFO: Deploying configuration descriptor pentaho.xml
Nov 26, 2013 4:26:30 AM org.apache.catalina.startup.ContextConfig validateSecurityRoles
INFO: WARNING: Security role name PENTAHO_ADMIN used in an <auth-constraint> without being defined in a <security-role>
[Server@40be76c7]: [Thread[main,5,main]]: checkRunning(false) entered
[Server@40be76c7]: [Thread[main,5,main]]: checkRunning(false) exited
[Server@40be76c7]: Initiating startup sequence...
[Server@40be76c7]: Server socket opened successfully in 1 ms.
[Server@40be76c7]: Database [index=0, id=0, db=file:../../data/hsqldb/sampledata, alias=sampledata] opened sucessfully in 1767 ms.
[Server@40be76c7]: Database [index=1, id=1, db=file:../../data/hsqldb/hibernate, alias=hibernate] opened sucessfully in 503 ms.
[Server@40be76c7]: Database [index=2, id=2, db=file:../../data/hsqldb/quartz, alias=quartz] opened sucessfully in 10 ms.
[Server@40be76c7]: Startup sequence completed in 2283 ms.
[Server@40be76c7]: 2013-11-26 04:26:34.021 HSQLDB server 1.8.0 is online
[Server@40be76c7]: To close normally, connect and execute SHUTDOWN SQL
[Server@40be76c7]: From command line, use [Ctrl]+[C] to abort abruptly
04:26:34,908 ERROR [ContextLoader] Context initialization failed
org.springframework.beans.factory.BeanCreationException: Error creating bean with name 'filterChainProxy' defined in file [/opt/pentaho/biserver-ce/pentaho-solutions/system/applicationContext-spring-security.xml]: Invocation of init method failed; nested exception is org.springframework.beans.factory.BeanCreationException: Error creating bean with name 'authenticationProcessingFilter' defined in file [/opt/pentaho/biserver-ce/pentaho-solutions/system/applicationContext-spring-security.xml]: Cannot resolve reference to bean 'authenticationManager' while setting bean property 'authenticationManager'; nested exception is org.springframework.beans.factory.BeanCreationException: Error creating bean with name 'authenticationManager' defined in file [/opt/pentaho/biserver-ce/pentaho-solutions/system/applicationContext-spring-security.xml]: Cannot resolve reference to bean 'daoAuthenticationProvider' while setting bean property 'providers' with key [0]; nested exception is org.springframework.beans.factory.BeanCreationException: Error creating bean with name 'daoAuthenticationProvider' defined in file [/opt/pentaho/biserver-ce/pentaho-solutions/system/applicationContext-spring-security-hibernate.xml]: Cannot resolve reference to bean 'userDetailsService' while setting bean property 'userDetailsService'; nested exception is org.springframework.beans.factory.BeanCreationException: Error creating bean with name 'userDetailsService' defined in file [/opt/pentaho/biserver-ce/pentaho-solutions/system/applicationContext-spring-security-hibernate.xml]: Cannot resolve reference to bean 'userRoleDao' while setting bean property 'userRoleDao'; nested exception is org.springframework.beans.factory.BeanCreationException: Error creating bean with name 'userRoleDao' defined in file [/opt/pentaho/biserver-ce/pentaho-solutions/system/applicationContext-spring-security-hibernate.xml]: Cannot resolve reference to bean 'sessionFactory' while setting bean property 'sessionFactory'; nested exception is org.springframework.beans.factory.BeanCreationException: Error creating bean with name 'sessionFactory' defined in file [/opt/pentaho/biserver-ce/pentaho-solutions/system/applicationContext-spring-security-hibernate.xml]: Cannot resolve reference to bean 'dataSource' while setting bean property 'dataSource'; nested exception is org.springframework.beans.factory.BeanCreationException: Error creating bean with name 'dataSource' defined in file [/opt/pentaho/biserver-ce/pentaho-solutions/system/applicationContext-spring-security-hibernate.xml]: Error setting property values; nested exception is org.springframework.beans.PropertyBatchUpdateException; nested PropertyAccessExceptions (1) are:
PropertyAccessException 1: org.springframework.beans.MethodInvocationException: Property 'driverClassName' threw exception; nested exception is java.lang.IllegalStateException: Could not load JDBC driver class [org.postgresql.jdbcDriver]
	at org.springframework.beans.factory.support.AbstractAutowireCapableBeanFactory.initializeBean(AbstractAutowireCapableBeanFactory.java:1338)
	at org.springframework.beans.factory.support.AbstractAutowireCapableBeanFactory.doCreateBean(AbstractAutowireCapableBeanFactory.java:473)
	at org.springframework.beans.factory.support.AbstractAutowireCapableBeanFactory$1.run(AbstractAutowireCapableBeanFactory.java:409)
	at java.security.AccessController.doPrivileged(Native Method)
	at org.springframework.beans.factory.support.AbstractAutowireCapableBeanFactory.createBean(AbstractAutowireCapableBeanFactory.java:380)
	at org.springframework.beans.factory.support.AbstractBeanFactory$1.getObject(AbstractBeanFactory.java:264)
	at org.springframework.beans.factory.support.DefaultSingletonBeanRegistry.getSingleton(DefaultSingletonBeanRegistry.java:222)
	at org.springframework.beans.factory.support.AbstractBeanFactory.doGetBean(AbstractBeanFactory.java:261)
	at org.springframework.beans.factory.support.AbstractBeanFactory.getBean(AbstractBeanFactory.java:185)
	at org.springframework.beans.factory.support.AbstractBeanFactory.getBean(AbstractBeanFactory.java:164)
	at org.springframework.beans.factory.support.DefaultListableBeanFactory.preInstantiateSingletons(DefaultListableBeanFactory.java:429)
	at org.springframework.context.support.AbstractApplicationContext.finishBeanFactoryInitialization(AbstractApplicationContext.java:728)
	at org.springframework.context.support.AbstractApplicationContext.refresh(AbstractApplicationContext.java:380)
	at org.springframework.web.context.ContextLoader.createWebApplicationContext(ContextLoader.java:255)
	at org.springframework.web.context.ContextLoader.initWebApplicationContext(ContextLoader.java:199)
	at org.springframework.web.context.ContextLoaderListener.contextInitialized(ContextLoaderListener.java:45)
	at org.apache.catalina.core.StandardContext.listenerStart(StandardContext.java:4135)
	at org.apache.catalina.core.StandardContext.start(StandardContext.java:4630)
	at org.apache.catalina.core.ContainerBase.addChildInternal(ContainerBase.java:791)
	at org.apache.catalina.core.ContainerBase.addChild(ContainerBase.java:771)
	at org.apache.catalina.core.StandardHost.addChild(StandardHost.java:546)
	at org.apache.catalina.startup.HostConfig.deployDescriptor(HostConfig.java:637)
	at org.apache.catalina.startup.HostConfig.deployDescriptors(HostConfig.java:563)
	at org.apache.catalina.startup.HostConfig.deployApps(HostConfig.java:498)
	at org.apache.catalina.startup.HostConfig.start(HostConfig.java:1277)
	at org.apache.catalina.startup.HostConfig.lifecycleEvent(HostConfig.java:321)
	at org.apache.catalina.util.LifecycleSupport.fireLifecycleEvent(LifecycleSupport.java:119)
	at org.apache.catalina.core.ContainerBase.start(ContainerBase.java:1053)
	at org.apache.catalina.core.StandardHost.start(StandardHost.java:785)
	at org.apache.catalina.core.ContainerBase.start(ContainerBase.java:1045)
	at org.apache.catalina.core.StandardEngine.start(StandardEngine.java:445)
	at org.apache.catalina.core.StandardService.start(StandardService.java:519)
	at org.apache.catalina.core.StandardServer.start(StandardServer.java:710)
	at org.apache.catalina.startup.Catalina.start(Catalina.java:581)
	at sun.reflect.NativeMethodAccessorImpl.invoke0(Native Method)
	at sun.reflect.NativeMethodAccessorImpl.invoke(NativeMethodAccessorImpl.java:57)
	at sun.reflect.DelegatingMethodAccessorImpl.invoke(DelegatingMethodAccessorImpl.java:43)
	at java.lang.reflect.Method.invoke(Method.java:616)
	at org.apache.catalina.startup.Bootstrap.start(Bootstrap.java:289)
	at org.apache.catalina.startup.Bootstrap.main(Bootstrap.java:414)
Caused by: org.springframework.beans.factory.BeanCreationException: Error creating bean with name 'authenticationProcessingFilter' defined in file [/opt/pentaho/biserver-ce/pentaho-solutions/system/applicationContext-spring-security.xml]: Cannot resolve reference to bean 'authenticationManager' while setting bean property 'authenticationManager'; nested exception is org.springframework.beans.factory.BeanCreationException: Error creating bean with name 'authenticationManager' defined in file [/opt/pentaho/biserver-ce/pentaho-solutions/system/applicationContext-spring-security.xml]: Cannot resolve reference to bean 'daoAuthenticationProvider' while setting bean property 'providers' with key [0]; nested exception is org.springframework.beans.factory.BeanCreationException: Error creating bean with name 'daoAuthenticationProvider' defined in file [/opt/pentaho/biserver-ce/pentaho-solutions/system/applicationContext-spring-security-hibernate.xml]: Cannot resolve reference to bean 'userDetailsService' while setting bean property 'userDetailsService'; nested exception is org.springframework.beans.factory.BeanCreationException: Error creating bean with name 'userDetailsService' defined in file [/opt/pentaho/biserver-ce/pentaho-solutions/system/applicationContext-spring-security-hibernate.xml]: Cannot resolve reference to bean 'userRoleDao' while setting bean property 'userRoleDao'; nested exception is org.springframework.beans.factory.BeanCreationException: Error creating bean with name 'userRoleDao' defined in file [/opt/pentaho/biserver-ce/pentaho-solutions/system/applicationContext-spring-security-hibernate.xml]: Cannot resolve reference to bean 'sessionFactory' while setting bean property 'sessionFactory'; nested exception is org.springframework.beans.factory.BeanCreationException: Error creating bean with name 'sessionFactory' defined in file [/opt/pentaho/biserver-ce/pentaho-solutions/system/applicationContext-spring-security-hibernate.xml]: Cannot resolve reference to bean 'dataSource' while setting bean property 'dataSource'; nested exception is org.springframework.beans.factory.BeanCreationException: Error creating bean with name 'dataSource' defined in file [/opt/pentaho/biserver-ce/pentaho-solutions/system/applicationContext-spring-security-hibernate.xml]: Error setting property values; nested exception is org.springframework.beans.PropertyBatchUpdateException; nested PropertyAccessExceptions (1) are:
PropertyAccessException 1: org.springframework.beans.MethodInvocationException: Property 'driverClassName' threw exception; nested exception is java.lang.IllegalStateException: Could not load JDBC driver class [org.postgresql.jdbcDriver]
	at org.springframework.beans.factory.support.BeanDefinitionValueResolver.resolveReference(BeanDefinitionValueResolver.java:275)
	at org.springframework.beans.factory.support.BeanDefinitionValueResolver.resolveValueIfNecessary(BeanDefinitionValueResolver.java:104)
	at org.springframework.beans.factory.support.AbstractAutowireCapableBeanFactory.applyPropertyValues(AbstractAutowireCapableBeanFactory.java:1245)
	at org.springframework.beans.factory.support.AbstractAutowireCapableBeanFactory.populateBean(AbstractAutowireCapableBeanFactory.java:1010)
	at org.springframework.beans.factory.support.AbstractAutowireCapableBeanFactory.doCreateBean(AbstractAutowireCapableBeanFactory.java:472)
	at org.springframework.beans.factory.support.AbstractAutowireCapableBeanFactory$1.run(AbstractAutowireCapableBeanFactory.java:409)
	at java.security.AccessController.doPrivileged(Native Method)
	at org.springframework.beans.factory.support.AbstractAutowireCapableBeanFactory.createBean(AbstractAutowireCapableBeanFactory.java:380)
	at org.springframework.beans.factory.support.AbstractBeanFactory$1.getObject(AbstractBeanFactory.java:264)
	at org.springframework.beans.factory.support.DefaultSingletonBeanRegistry.getSingleton(DefaultSingletonBeanRegistry.java:222)
	at org.springframework.beans.factory.support.AbstractBeanFactory.doGetBean(AbstractBeanFactory.java:261)
	at org.springframework.beans.factory.support.AbstractBeanFactory.getBean(AbstractBeanFactory.java:185)
	at org.springframework.beans.factory.support.AbstractBeanFactory.getBean(AbstractBeanFactory.java:168)
	at org.springframework.context.support.AbstractApplicationContext.getBean(AbstractApplicationContext.java:884)
	at org.springframework.security.intercept.web.FIDSToFilterChainMapConverter.<init>(FIDSToFilterChainMapConverter.java:54)
	at org.springframework.security.util.FilterChainProxy.afterPropertiesSet(FilterChainProxy.java:119)
	at org.springframework.beans.factory.support.AbstractAutowireCapableBeanFactory.invokeInitMethods(AbstractAutowireCapableBeanFactory.java:1369)
	at org.springframework.beans.factory.support.AbstractAutowireCapableBeanFactory.initializeBean(AbstractAutowireCapableBeanFactory.java:1335)
	... 39 more
Caused by: org.springframework.beans.factory.BeanCreationException: Error creating bean with name 'authenticationManager' defined in file [/opt/pentaho/biserver-ce/pentaho-solutions/system/applicationContext-spring-security.xml]: Cannot resolve reference to bean 'daoAuthenticationProvider' while setting bean property 'providers' with key [0]; nested exception is org.springframework.beans.factory.BeanCreationException: Error creating bean with name 'daoAuthenticationProvider' defined in file [/opt/pentaho/biserver-ce/pentaho-solutions/system/applicationContext-spring-security-hibernate.xml]: Cannot resolve reference to bean 'userDetailsService' while setting bean property 'userDetailsService'; nested exception is org.springframework.beans.factory.BeanCreationException: Error creating bean with name 'userDetailsService' defined in file [/opt/pentaho/biserver-ce/pentaho-solutions/system/applicationContext-spring-security-hibernate.xml]: Cannot resolve reference to bean 'userRoleDao' while setting bean property 'userRoleDao'; nested exception is org.springframework.beans.factory.BeanCreationException: Error creating bean with name 'userRoleDao' defined in file [/opt/pentaho/biserver-ce/pentaho-solutions/system/applicationContext-spring-security-hibernate.xml]: Cannot resolve reference to bean 'sessionFactory' while setting bean property 'sessionFactory'; nested exception is org.springframework.beans.factory.BeanCreationException: Error creating bean with name 'sessionFactory' defined in file [/opt/pentaho/biserver-ce/pentaho-solutions/system/applicationContext-spring-security-hibernate.xml]: Cannot resolve reference to bean 'dataSource' while setting bean property 'dataSource'; nested exception is org.springframework.beans.factory.BeanCreationException: Error creating bean with name 'dataSource' defined in file [/opt/pentaho/biserver-ce/pentaho-solutions/system/applicationContext-spring-security-hibernate.xml]: Error setting property values; nested exception is org.springframework.beans.PropertyBatchUpdateException; nested PropertyAccessExceptions (1) are:
PropertyAccessException 1: org.springframework.beans.MethodInvocationException: Property 'driverClassName' threw exception; nested exception is java.lang.IllegalStateException: Could not load JDBC driver class [org.postgresql.jdbcDriver]
	at org.springframework.beans.factory.support.BeanDefinitionValueResolver.resolveReference(BeanDefinitionValueResolver.java:275)
	at org.springframework.beans.factory.support.BeanDefinitionValueResolver.resolveValueIfNecessary(BeanDefinitionValueResolver.java:104)
	at org.springframework.beans.factory.support.BeanDefinitionValueResolver.resolveManagedList(BeanDefinitionValueResolver.java:287)
	at org.springframework.beans.factory.support.BeanDefinitionValueResolver.resolveValueIfNecessary(BeanDefinitionValueResolver.java:126)
	at org.springframework.beans.factory.support.AbstractAutowireCapableBeanFactory.applyPropertyValues(AbstractAutowireCapableBeanFactory.java:1245)
	at org.springframework.beans.factory.support.AbstractAutowireCapableBeanFactory.populateBean(AbstractAutowireCapableBeanFactory.java:1010)
	at org.springframework.beans.factory.support.AbstractAutowireCapableBeanFactory.doCreateBean(AbstractAutowireCapableBeanFactory.java:472)
	at org.springframework.beans.factory.support.AbstractAutowireCapableBeanFactory$1.run(AbstractAutowireCapableBeanFactory.java:409)
	at java.security.AccessController.doPrivileged(Native Method)
	at org.springframework.beans.factory.support.AbstractAutowireCapableBeanFactory.createBean(AbstractAutowireCapableBeanFactory.java:380)
	at org.springframework.beans.factory.support.AbstractBeanFactory$1.getObject(AbstractBeanFactory.java:264)
	at org.springframework.beans.factory.support.DefaultSingletonBeanRegistry.getSingleton(DefaultSingletonBeanRegistry.java:222)
	at org.springframework.beans.factory.support.AbstractBeanFactory.doGetBean(AbstractBeanFactory.java:261)
	at org.springframework.beans.factory.support.AbstractBeanFactory.getBean(AbstractBeanFactory.java:185)
	at org.springframework.beans.factory.support.AbstractBeanFactory.getBean(AbstractBeanFactory.java:164)
	at org.springframework.beans.factory.support.BeanDefinitionValueResolver.resolveReference(BeanDefinitionValueResolver.java:269)
	... 56 more
Caused by: org.springframework.beans.factory.BeanCreationException: Error creating bean with name 'daoAuthenticationProvider' defined in file [/opt/pentaho/biserver-ce/pentaho-solutions/system/applicationContext-spring-security-hibernate.xml]: Cannot resolve reference to bean 'userDetailsService' while setting bean property 'userDetailsService'; nested exception is org.springframework.beans.factory.BeanCreationException: Error creating bean with name 'userDetailsService' defined in file [/opt/pentaho/biserver-ce/pentaho-solutions/system/applicationContext-spring-security-hibernate.xml]: Cannot resolve reference to bean 'userRoleDao' while setting bean property 'userRoleDao'; nested exception is org.springframework.beans.factory.BeanCreationException: Error creating bean with name 'userRoleDao' defined in file [/opt/pentaho/biserver-ce/pentaho-solutions/system/applicationContext-spring-security-hibernate.xml]: Cannot resolve reference to bean 'sessionFactory' while setting bean property 'sessionFactory'; nested exception is org.springframework.beans.factory.BeanCreationException: Error creating bean with name 'sessionFactory' defined in file [/opt/pentaho/biserver-ce/pentaho-solutions/system/applicationContext-spring-security-hibernate.xml]: Cannot resolve reference to bean 'dataSource' while setting bean property 'dataSource'; nested exception is org.springframework.beans.factory.BeanCreationException: Error creating bean with name 'dataSource' defined in file [/opt/pentaho/biserver-ce/pentaho-solutions/system/applicationContext-spring-security-hibernate.xml]: Error setting property values; nested exception is org.springframework.beans.PropertyBatchUpdateException; nested PropertyAccessExceptions (1) are:
PropertyAccessException 1: org.springframework.beans.MethodInvocationException: Property 'driverClassName' threw exception; nested exception is java.lang.IllegalStateException: Could not load JDBC driver class [org.postgresql.jdbcDriver]
	at org.springframework.beans.factory.support.BeanDefinitionValueResolver.resolveReference(BeanDefinitionValueResolver.java:275)
	at org.springframework.beans.factory.support.BeanDefinitionValueResolver.resolveValueIfNecessary(BeanDefinitionValueResolver.java:104)
	at org.springframework.beans.factory.support.AbstractAutowireCapableBeanFactory.applyPropertyValues(AbstractAutowireCapableBeanFactory.java:1245)
	at org.springframework.beans.factory.support.AbstractAutowireCapableBeanFactory.populateBean(AbstractAutowireCapableBeanFactory.java:1010)
	at org.springframework.beans.factory.support.AbstractAutowireCapableBeanFactory.doCreateBean(AbstractAutowireCapableBeanFactory.java:472)
	at org.springframework.beans.factory.support.AbstractAutowireCapableBeanFactory$1.run(AbstractAutowireCapableBeanFactory.java:409)
	at java.security.AccessController.doPrivileged(Native Method)
	at org.springframework.beans.factory.support.AbstractAutowireCapableBeanFactory.createBean(AbstractAutowireCapableBeanFactory.java:380)
	at org.springframework.beans.factory.support.AbstractBeanFactory$1.getObject(AbstractBeanFactory.java:264)
	at org.springframework.beans.factory.support.DefaultSingletonBeanRegistry.getSingleton(DefaultSingletonBeanRegistry.java:222)
	at org.springframework.beans.factory.support.AbstractBeanFactory.doGetBean(AbstractBeanFactory.java:261)
	at org.springframework.beans.factory.support.AbstractBeanFactory.getBean(AbstractBeanFactory.java:185)
	at org.springframework.beans.factory.support.AbstractBeanFactory.getBean(AbstractBeanFactory.java:164)
	at org.springframework.beans.factory.support.BeanDefinitionValueResolver.resolveReference(BeanDefinitionValueResolver.java:269)
	... 71 more
Caused by: org.springframework.beans.factory.BeanCreationException: Error creating bean with name 'userDetailsService' defined in file [/opt/pentaho/biserver-ce/pentaho-solutions/system/applicationContext-spring-security-hibernate.xml]: Cannot resolve reference to bean 'userRoleDao' while setting bean property 'userRoleDao'; nested exception is org.springframework.beans.factory.BeanCreationException: Error creating bean with name 'userRoleDao' defined in file [/opt/pentaho/biserver-ce/pentaho-solutions/system/applicationContext-spring-security-hibernate.xml]: Cannot resolve reference to bean 'sessionFactory' while setting bean property 'sessionFactory'; nested exception is org.springframework.beans.factory.BeanCreationException: Error creating bean with name 'sessionFactory' defined in file [/opt/pentaho/biserver-ce/pentaho-solutions/system/applicationContext-spring-security-hibernate.xml]: Cannot resolve reference to bean 'dataSource' while setting bean property 'dataSource'; nested exception is org.springframework.beans.factory.BeanCreationException: Error creating bean with name 'dataSource' defined in file [/opt/pentaho/biserver-ce/pentaho-solutions/system/applicationContext-spring-security-hibernate.xml]: Error setting property values; nested exception is org.springframework.beans.PropertyBatchUpdateException; nested PropertyAccessExceptions (1) are:
PropertyAccessException 1: org.springframework.beans.MethodInvocationException: Property 'driverClassName' threw exception; nested exception is java.lang.IllegalStateException: Could not load JDBC driver class [org.postgresql.jdbcDriver]
	at org.springframework.beans.factory.support.BeanDefinitionValueResolver.resolveReference(BeanDefinitionValueResolver.java:275)
	at org.springframework.beans.factory.support.BeanDefinitionValueResolver.resolveValueIfNecessary(BeanDefinitionValueResolver.java:104)
	at org.springframework.beans.factory.support.AbstractAutowireCapableBeanFactory.applyPropertyValues(AbstractAutowireCapableBeanFactory.java:1245)
	at org.springframework.beans.factory.support.AbstractAutowireCapableBeanFactory.populateBean(AbstractAutowireCapableBeanFactory.java:1010)
	at org.springframework.beans.factory.support.AbstractAutowireCapableBeanFactory.doCreateBean(AbstractAutowireCapableBeanFactory.java:472)
	at org.springframework.beans.factory.support.AbstractAutowireCapableBeanFactory$1.run(AbstractAutowireCapableBeanFactory.java:409)
	at java.security.AccessController.doPrivileged(Native Method)
	at org.springframework.beans.factory.support.AbstractAutowireCapableBeanFactory.createBean(AbstractAutowireCapableBeanFactory.java:380)
	at org.springframework.beans.factory.support.AbstractBeanFactory$1.getObject(AbstractBeanFactory.java:264)
	at org.springframework.beans.factory.support.DefaultSingletonBeanRegistry.getSingleton(DefaultSingletonBeanRegistry.java:222)
	at org.springframework.beans.factory.support.AbstractBeanFactory.doGetBean(AbstractBeanFactory.java:261)
	at org.springframework.beans.factory.support.AbstractBeanFactory.getBean(AbstractBeanFactory.java:185)
	at org.springframework.beans.factory.support.AbstractBeanFactory.getBean(AbstractBeanFactory.java:164)
	at org.springframework.beans.factory.support.BeanDefinitionValueResolver.resolveReference(BeanDefinitionValueResolver.java:269)
	... 84 more
Caused by: org.springframework.beans.factory.BeanCreationException: Error creating bean with name 'userRoleDao' defined in file [/opt/pentaho/biserver-ce/pentaho-solutions/system/applicationContext-spring-security-hibernate.xml]: Cannot resolve reference to bean 'sessionFactory' while setting bean property 'sessionFactory'; nested exception is org.springframework.beans.factory.BeanCreationException: Error creating bean with name 'sessionFactory' defined in file [/opt/pentaho/biserver-ce/pentaho-solutions/system/applicationContext-spring-security-hibernate.xml]: Cannot resolve reference to bean 'dataSource' while setting bean property 'dataSource'; nested exception is org.springframework.beans.factory.BeanCreationException: Error creating bean with name 'dataSource' defined in file [/opt/pentaho/biserver-ce/pentaho-solutions/system/applicationContext-spring-security-hibernate.xml]: Error setting property values; nested exception is org.springframework.beans.PropertyBatchUpdateException; nested PropertyAccessExceptions (1) are:
PropertyAccessException 1: org.springframework.beans.MethodInvocationException: Property 'driverClassName' threw exception; nested exception is java.lang.IllegalStateException: Could not load JDBC driver class [org.postgresql.jdbcDriver]
	at org.springframework.beans.factory.support.BeanDefinitionValueResolver.resolveReference(BeanDefinitionValueResolver.java:275)
	at org.springframework.beans.factory.support.BeanDefinitionValueResolver.resolveValueIfNecessary(BeanDefinitionValueResolver.java:104)
	at org.springframework.beans.factory.support.AbstractAutowireCapableBeanFactory.applyPropertyValues(AbstractAutowireCapableBeanFactory.java:1245)
	at org.springframework.beans.factory.support.AbstractAutowireCapableBeanFactory.populateBean(AbstractAutowireCapableBeanFactory.java:1010)
	at org.springframework.beans.factory.support.AbstractAutowireCapableBeanFactory.doCreateBean(AbstractAutowireCapableBeanFactory.java:472)
	at org.springframework.beans.factory.support.AbstractAutowireCapableBeanFactory$1.run(AbstractAutowireCapableBeanFactory.java:409)
	at java.security.AccessController.doPrivileged(Native Method)
	at org.springframework.beans.factory.support.AbstractAutowireCapableBeanFactory.createBean(AbstractAutowireCapableBeanFactory.java:380)
	at org.springframework.beans.factory.support.AbstractBeanFactory$1.getObject(AbstractBeanFactory.java:264)
	at org.springframework.beans.factory.support.DefaultSingletonBeanRegistry.getSingleton(DefaultSingletonBeanRegistry.java:222)
	at org.springframework.beans.factory.support.AbstractBeanFactory.doGetBean(AbstractBeanFactory.java:261)
	at org.springframework.beans.factory.support.AbstractBeanFactory.getBean(AbstractBeanFactory.java:185)
	at org.springframework.beans.factory.support.AbstractBeanFactory.getBean(AbstractBeanFactory.java:164)
	at org.springframework.beans.factory.support.BeanDefinitionValueResolver.resolveReference(BeanDefinitionValueResolver.java:269)
	... 97 more
Caused by: org.springframework.beans.factory.BeanCreationException: Error creating bean with name 'sessionFactory' defined in file [/opt/pentaho/biserver-ce/pentaho-solutions/system/applicationContext-spring-security-hibernate.xml]: Cannot resolve reference to bean 'dataSource' while setting bean property 'dataSource'; nested exception is org.springframework.beans.factory.BeanCreationException: Error creating bean with name 'dataSource' defined in file [/opt/pentaho/biserver-ce/pentaho-solutions/system/applicationContext-spring-security-hibernate.xml]: Error setting property values; nested exception is org.springframework.beans.PropertyBatchUpdateException; nested PropertyAccessExceptions (1) are:
PropertyAccessException 1: org.springframework.beans.MethodInvocationException: Property 'driverClassName' threw exception; nested exception is java.lang.IllegalStateException: Could not load JDBC driver class [org.postgresql.jdbcDriver]
	at org.springframework.beans.factory.support.BeanDefinitionValueResolver.resolveReference(BeanDefinitionValueResolver.java:275)
	at org.springframework.beans.factory.support.BeanDefinitionValueResolver.resolveValueIfNecessary(BeanDefinitionValueResolver.java:104)
	at org.springframework.beans.factory.support.AbstractAutowireCapableBeanFactory.applyPropertyValues(AbstractAutowireCapableBeanFactory.java:1245)
	at org.springframework.beans.factory.support.AbstractAutowireCapableBeanFactory.populateBean(AbstractAutowireCapableBeanFactory.java:1010)
	at org.springframework.beans.factory.support.AbstractAutowireCapableBeanFactory.doCreateBean(AbstractAutowireCapableBeanFactory.java:472)
	at org.springframework.beans.factory.support.AbstractAutowireCapableBeanFactory$1.run(AbstractAutowireCapableBeanFactory.java:409)
	at java.security.AccessController.doPrivileged(Native Method)
	at org.springframework.beans.factory.support.AbstractAutowireCapableBeanFactory.createBean(AbstractAutowireCapableBeanFactory.java:380)
	at org.springframework.beans.factory.support.AbstractBeanFactory$1.getObject(AbstractBeanFactory.java:264)
	at org.springframework.beans.factory.support.DefaultSingletonBeanRegistry.getSingleton(DefaultSingletonBeanRegistry.java:222)
	at org.springframework.beans.factory.support.AbstractBeanFactory.doGetBean(AbstractBeanFactory.java:261)
	at org.springframework.beans.factory.support.AbstractBeanFactory.getBean(AbstractBeanFactory.java:185)
	at org.springframework.beans.factory.support.AbstractBeanFactory.getBean(AbstractBeanFactory.java:164)
	at org.springframework.beans.factory.support.BeanDefinitionValueResolver.resolveReference(BeanDefinitionValueResolver.java:269)
	... 110 more
Caused by: org.springframework.beans.factory.BeanCreationException: Error creating bean with name 'dataSource' defined in file [/opt/pentaho/biserver-ce/pentaho-solutions/system/applicationContext-spring-security-hibernate.xml]: Error setting property values; nested exception is org.springframework.beans.PropertyBatchUpdateException; nested PropertyAccessExceptions (1) are:
PropertyAccessException 1: org.springframework.beans.MethodInvocationException: Property 'driverClassName' threw exception; nested exception is java.lang.IllegalStateException: Could not load JDBC driver class [org.postgresql.jdbcDriver]
	at org.springframework.beans.factory.support.AbstractAutowireCapableBeanFactory.applyPropertyValues(AbstractAutowireCapableBeanFactory.java:1279)
	at org.springframework.beans.factory.support.AbstractAutowireCapableBeanFactory.populateBean(AbstractAutowireCapableBeanFactory.java:1010)
	at org.springframework.beans.factory.support.AbstractAutowireCapableBeanFactory.doCreateBean(AbstractAutowireCapableBeanFactory.java:472)
	at org.springframework.beans.factory.support.AbstractAutowireCapableBeanFactory$1.run(AbstractAutowireCapableBeanFactory.java:409)
	at java.security.AccessController.doPrivileged(Native Method)
	at org.springframework.beans.factory.support.AbstractAutowireCapableBeanFactory.createBean(AbstractAutowireCapableBeanFactory.java:380)
	at org.springframework.beans.factory.support.AbstractBeanFactory$1.getObject(AbstractBeanFactory.java:264)
	at org.springframework.beans.factory.support.DefaultSingletonBeanRegistry.getSingleton(DefaultSingletonBeanRegistry.java:222)
	at org.springframework.beans.factory.support.AbstractBeanFactory.doGetBean(AbstractBeanFactory.java:261)
	at org.springframework.beans.factory.support.AbstractBeanFactory.getBean(AbstractBeanFactory.java:185)
	at org.springframework.beans.factory.support.AbstractBeanFactory.getBean(AbstractBeanFactory.java:164)
	at org.springframework.beans.factory.support.BeanDefinitionValueResolver.resolveReference(BeanDefinitionValueResolver.java:269)
	... 123 more
Caused by: org.springframework.beans.PropertyBatchUpdateException; nested PropertyAccessExceptions (1) are:
PropertyAccessException 1: org.springframework.beans.MethodInvocationException: Property 'driverClassName' threw exception; nested exception is java.lang.IllegalStateException: Could not load JDBC driver class [org.postgresql.jdbcDriver]
	at org.springframework.beans.AbstractPropertyAccessor.setPropertyValues(AbstractPropertyAccessor.java:104)
	at org.springframework.beans.AbstractPropertyAccessor.setPropertyValues(AbstractPropertyAccessor.java:59)
	at org.springframework.beans.factory.support.AbstractAutowireCapableBeanFactory.applyPropertyValues(AbstractAutowireCapableBeanFactory.java:1276)
	... 134 more
Nov 26, 2013 4:26:34 AM org.apache.catalina.core.StandardContext start
SEVERE: Error listenerStart
Nov 26, 2013 4:26:34 AM org.apache.catalina.core.StandardContext start
SEVERE: Context [/pentaho] startup failed due to previous errors
04:26:34,933 ERROR [Logger] Error: Pentaho
04:26:34,933 ERROR [Logger] misc-org.pentaho.platform.engine.core.system.PentahoSystem: PentahoSystem.ERROR_0015 - Error while trying to execute shutdown sequence for org.pentaho.platform.scheduler.QuartzSystemListener
java.lang.NullPointerException
	at org.pentaho.platform.scheduler.QuartzSystemListener.shutdown(QuartzSystemListener.java:183)
	at org.pentaho.platform.engine.core.system.PentahoSystem.shutdown(PentahoSystem.java:793)
	at org.pentaho.platform.web.http.context.SolutionContextListener.contextDestroyed(SolutionContextListener.java:215)
	at org.apache.catalina.core.StandardContext.listenerStop(StandardContext.java:4174)
	at org.apache.catalina.core.StandardContext.stop(StandardContext.java:4778)
	at org.apache.catalina.core.StandardContext.start(StandardContext.java:4675)
	at org.apache.catalina.core.ContainerBase.addChildInternal(ContainerBase.java:791)
	at org.apache.catalina.core.ContainerBase.addChild(ContainerBase.java:771)
	at org.apache.catalina.core.StandardHost.addChild(StandardHost.java:546)
	at org.apache.catalina.startup.HostConfig.deployDescriptor(HostConfig.java:637)
	at org.apache.catalina.startup.HostConfig.deployDescriptors(HostConfig.java:563)
	at org.apache.catalina.startup.HostConfig.deployApps(HostConfig.java:498)
	at org.apache.catalina.startup.HostConfig.start(HostConfig.java:1277)
	at org.apache.catalina.startup.HostConfig.lifecycleEvent(HostConfig.java:321)
	at org.apache.catalina.util.LifecycleSupport.fireLifecycleEvent(LifecycleSupport.java:119)
	at org.apache.catalina.core.ContainerBase.start(ContainerBase.java:1053)
	at org.apache.catalina.core.StandardHost.start(StandardHost.java:785)
	at org.apache.catalina.core.ContainerBase.start(ContainerBase.java:1045)
	at org.apache.catalina.core.StandardEngine.start(StandardEngine.java:445)
	at org.apache.catalina.core.StandardService.start(StandardService.java:519)
	at org.apache.catalina.core.StandardServer.start(StandardServer.java:710)
	at org.apache.catalina.startup.Catalina.start(Catalina.java:581)
	at sun.reflect.NativeMethodAccessorImpl.invoke0(Native Method)
	at sun.reflect.NativeMethodAccessorImpl.invoke(NativeMethodAccessorImpl.java:57)
	at sun.reflect.DelegatingMethodAccessorImpl.invoke(DelegatingMethodAccessorImpl.java:43)
	at java.lang.reflect.Method.invoke(Method.java:616)
	at org.apache.catalina.startup.Bootstrap.start(Bootstrap.java:289)
	at org.apache.catalina.startup.Bootstrap.main(Bootstrap.java:414)
04:26:34,934 ERROR [Logger] Error end:
04:26:34,934 ERROR [Logger] Error: Pentaho
04:26:34,934 ERROR [Logger] misc-org.pentaho.platform.engine.core.system.PentahoSystem: PentahoSystem.ERROR_0015 - Error while trying to execute shutdown sequence for org.pentaho.platform.engine.services.connection.datasource.dbcp.PooledDatasourceSystemListener
java.lang.NullPointerException
	at org.pentaho.platform.engine.core.system.PentahoSystem.getCacheManager(PentahoSystem.java:973)
	at org.pentaho.platform.engine.services.connection.datasource.dbcp.PooledDatasourceSystemListener.shutdown(PooledDatasourceSystemListener.java:80)
	at org.pentaho.platform.engine.core.system.PentahoSystem.shutdown(PentahoSystem.java:793)
	at org.pentaho.platform.web.http.context.SolutionContextListener.contextDestroyed(SolutionContextListener.java:215)
	at org.apache.catalina.core.StandardContext.listenerStop(StandardContext.java:4174)
	at org.apache.catalina.core.StandardContext.stop(StandardContext.java:4778)
	at org.apache.catalina.core.StandardContext.start(StandardContext.java:4675)
	at org.apache.catalina.core.ContainerBase.addChildInternal(ContainerBase.java:791)
	at org.apache.catalina.core.ContainerBase.addChild(ContainerBase.java:771)
	at org.apache.catalina.core.StandardHost.addChild(StandardHost.java:546)
	at org.apache.catalina.startup.HostConfig.deployDescriptor(HostConfig.java:637)
	at org.apache.catalina.startup.HostConfig.deployDescriptors(HostConfig.java:563)
	at org.apache.catalina.startup.HostConfig.deployApps(HostConfig.java:498)
	at org.apache.catalina.startup.HostConfig.start(HostConfig.java:1277)
	at org.apache.catalina.startup.HostConfig.lifecycleEvent(HostConfig.java:321)
	at org.apache.catalina.util.LifecycleSupport.fireLifecycleEvent(LifecycleSupport.java:119)
	at org.apache.catalina.core.ContainerBase.start(ContainerBase.java:1053)
	at org.apache.catalina.core.StandardHost.start(StandardHost.java:785)
	at org.apache.catalina.core.ContainerBase.start(ContainerBase.java:1045)
	at org.apache.catalina.core.StandardEngine.start(StandardEngine.java:445)
	at org.apache.catalina.core.StandardService.start(StandardService.java:519)
	at org.apache.catalina.core.StandardServer.start(StandardServer.java:710)
	at org.apache.catalina.startup.Catalina.start(Catalina.java:581)
	at sun.reflect.NativeMethodAccessorImpl.invoke0(Native Method)
	at sun.reflect.NativeMethodAccessorImpl.invoke(NativeMethodAccessorImpl.java:57)
	at sun.reflect.DelegatingMethodAccessorImpl.invoke(DelegatingMethodAccessorImpl.java:43)
	at java.lang.reflect.Method.invoke(Method.java:616)
	at org.apache.catalina.startup.Bootstrap.start(Bootstrap.java:289)
	at org.apache.catalina.startup.Bootstrap.main(Bootstrap.java:414)
04:26:34,934 ERROR [Logger] Error end:
04:26:34,935 ERROR [Logger] Error: Pentaho
04:26:34,935 ERROR [Logger] misc-org.pentaho.platform.engine.core.system.PentahoSystem: PentahoSystem.ERROR_0015 - Error while trying to execute shutdown sequence for org.pentaho.platform.plugin.services.pluginmgr.PluginAdapter
java.lang.NullPointerException
	at org.pentaho.platform.engine.core.system.PentahoSystem.get(PentahoSystem.java:551)
	at org.pentaho.platform.engine.core.system.PentahoSystem.get(PentahoSystem.java:533)
	at org.pentaho.platform.plugin.services.pluginmgr.PluginAdapter.shutdown(PluginAdapter.java:47)
	at org.pentaho.platform.engine.core.system.PentahoSystem.shutdown(PentahoSystem.java:793)
	at org.pentaho.platform.web.http.context.SolutionContextListener.contextDestroyed(SolutionContextListener.java:215)
	at org.apache.catalina.core.StandardContext.listenerStop(StandardContext.java:4174)
	at org.apache.catalina.core.StandardContext.stop(StandardContext.java:4778)
	at org.apache.catalina.core.StandardContext.start(StandardContext.java:4675)
	at org.apache.catalina.core.ContainerBase.addChildInternal(ContainerBase.java:791)
	at org.apache.catalina.core.ContainerBase.addChild(ContainerBase.java:771)
	at org.apache.catalina.core.StandardHost.addChild(StandardHost.java:546)
	at org.apache.catalina.startup.HostConfig.deployDescriptor(HostConfig.java:637)
	at org.apache.catalina.startup.HostConfig.deployDescriptors(HostConfig.java:563)
	at org.apache.catalina.startup.HostConfig.deployApps(HostConfig.java:498)
	at org.apache.catalina.startup.HostConfig.start(HostConfig.java:1277)
	at org.apache.catalina.startup.HostConfig.lifecycleEvent(HostConfig.java:321)
	at org.apache.catalina.util.LifecycleSupport.fireLifecycleEvent(LifecycleSupport.java:119)
	at org.apache.catalina.core.ContainerBase.start(ContainerBase.java:1053)
	at org.apache.catalina.core.StandardHost.start(StandardHost.java:785)
	at org.apache.catalina.core.ContainerBase.start(ContainerBase.java:1045)
	at org.apache.catalina.core.StandardEngine.start(StandardEngine.java:445)
	at org.apache.catalina.core.StandardService.start(StandardService.java:519)
	at org.apache.catalina.core.StandardServer.start(StandardServer.java:710)
	at org.apache.catalina.startup.Catalina.start(Catalina.java:581)
	at sun.reflect.NativeMethodAccessorImpl.invoke0(Native Method)
	at sun.reflect.NativeMethodAccessorImpl.invoke(NativeMethodAccessorImpl.java:57)
	at sun.reflect.DelegatingMethodAccessorImpl.invoke(DelegatingMethodAccessorImpl.java:43)
	at java.lang.reflect.Method.invoke(Method.java:616)
	at org.apache.catalina.startup.Bootstrap.start(Bootstrap.java:289)
	at org.apache.catalina.startup.Bootstrap.main(Bootstrap.java:414)
04:26:34,935 ERROR [Logger] Error end:
[Server@40be76c7]: Initiating shutdown sequence...
[Server@40be76c7]: Shutdown sequence completed in 1 ms.
[Server@40be76c7]: 2013-11-26 04:26:34.937 SHUTDOWN : System.exit() was not called
Nov 26, 2013 4:26:35 AM org.apache.catalina.loader.WebappClassLoader clearReferencesJdbc
SEVERE: The web application [/pentaho] registered the JBDC driver [mondrian.olap4j.MondrianOlap4jDriver] but failed to unregister it when the web application was stopped. To prevent a memory leak, the JDBC Driver has been forcibly unregistered.
Nov 26, 2013 4:26:35 AM org.apache.catalina.loader.WebappClassLoader clearReferencesThreads
SEVERE: The web application [/pentaho] appears to have started a thread named [HSQLDB Timer @35f38fc6] but has failed to stop it. This is very likely to create a memory leak.
Nov 26, 2013 4:26:35 AM org.apache.catalina.startup.HostConfig deployDirectory
INFO: Deploying web application directory sw-style
Nov 26, 2013 4:26:35 AM org.apache.catalina.startup.HostConfig deployDirectory
INFO: Deploying web application directory ROOT
Nov 26, 2013 4:26:35 AM org.apache.catalina.startup.HostConfig deployDirectory
INFO: Deploying web application directory pentaho-style
Nov 26, 2013 4:26:35 AM org.apache.coyote.http11.Http11Protocol start
INFO: Starting Coyote HTTP/1.1 on http-8080
Nov 26, 2013 4:26:35 AM org.apache.jk.common.ChannelSocket init
INFO: JK: ajp13 listening on /0.0.0.0:8009
Nov 26, 2013 4:26:35 AM org.apache.jk.server.JkMain start
INFO: Jk running ID=0 time=0/16  config=null
Nov 26, 2013 4:26:35 AM org.apache.catalina.startup.Catalina start
INFO: Server startup in 5561 ms
Nov 26, 2013 6:01:36 AM org.apache.coyote.http11.Http11Protocol pause
INFO: Pausing Coyote HTTP/1.1 on http-8080
Nov 26, 2013 6:01:37 AM org.apache.catalina.core.StandardService stop
INFO: Stopping service Catalina
Nov 26, 2013 6:01:37 AM org.apache.coyote.http11.Http11Protocol destroy
INFO: Stopping Coyote HTTP/1.1 on http-8080
